<?xml version="1.0" encoding="UTF-8"?>
<!-- Generated by org.testng.reporters.JUnitReportReporter -->
<testsuite skipped="0" hostname="OSP75" name="AutomationTestCase.LoginTestCase" tests="4" failures="0" timestamp="29 Jan 2018 05:31:31 GMT" time="73.710" errors="0">
  <testcase name="lp01" time="38.050" classname="AutomationTestCase.LoginTestCase"/>
  <testcase name="lp02" time="11.923" classname="AutomationTestCase.LoginTestCase"/>
  <testcase name="lp04" time="10.997" classname="AutomationTestCase.LoginTestCase"/>
  <testcase name="lp03" time="12.740" classname="AutomationTestCase.LoginTestCase"/>
</testsuite> <!-- AutomationTestCase.LoginTestCase -->
